<?xml version="1.0" encoding="UTF-8"?>
<!-- Generated by org.testng.reporters.JUnitXMLReporter -->
<testsuite ignored="0" hostname="DESKTOP-USBCH7P" failures="2" tests="2" name="Default test(failed)" time="0.095" errors="0" timestamp="2025-03-30T07:56:39 IST">
  <testcase classname="api.test.DataDrivenTest" name="dduserpost" time="0.0">
    <failure type="org.testng.TestNGException" message="
Method public void api.test.DataDrivenTest.dduserpost(java.lang.String,java.lang.String,java.lang.String,java.lang.String,java.lang.String,java.lang.String) requires a @DataProvider named : data in class api.utilities.DataProviderUtil">
      <![CDATA[org.testng.TestNGException: 
Method public void api.test.DataDrivenTest.dduserpost(java.lang.String,java.lang.String,java.lang.String,java.lang.String,java.lang.String,java.lang.String) requires a @DataProvider named : data in class api.utilities.DataProviderUtil
at java.base/java.util.ArrayList.forEach(ArrayList.java:1597)
... Removed 24 stack frames]]>
    </failure>
  </testcase> <!-- dduserpost -->
  <testcase classname="api.test.DataDrivenTest" name="deleteuserbyusername" time="0.0">
    <failure type="org.testng.TestNGException" message="
Method public void api.test.DataDrivenTest.deleteuserbyusername(java.lang.String) requires a @DataProvider named : User in class api.utilities.DataProviderUtil">
      <![CDATA[org.testng.TestNGException: 
Method public void api.test.DataDrivenTest.deleteuserbyusername(java.lang.String) requires a @DataProvider named : User in class api.utilities.DataProviderUtil
at java.base/java.util.ArrayList.forEach(ArrayList.java:1597)
... Removed 24 stack frames]]>
    </failure>
  </testcase> <!-- deleteuserbyusername -->
</testsuite> <!-- Default test(failed) -->
