<?xml version="1.0" encoding="UTF-8"?>
<!-- Generated by org.testng.reporters.JUnitXMLReporter -->
<testsuite ignored="0" hostname="DESKTOP-USBCH7P" failures="1" tests="4" name="Test" time="12.87" errors="0" timestamp="2025-03-30T12:54:01 IST">
  <testcase classname="api.test.UserTest" name="testPostUser" time="5.275"/>
  <testcase classname="api.test.UserTest" name="testGetUser" time="1.962"/>
  <testcase classname="api.test.UserTest" name="testUpdateUser" time="3.035">
    <failure type="java.lang.AssertionError" message="expected [200] but found [404]">
      <![CDATA[java.lang.AssertionError: expected [200] but found [404]
at api.test.UserTest.testUpdateUser(UserTest.java:67)
at java.base/java.util.ArrayList.forEach(ArrayList.java:1597)
... Removed 32 stack frames]]>
    </failure>
  </testcase> <!-- testUpdateUser -->
  <testcase classname="api.test.UserTest" name="testDeleteUser" time="1.806"/>
</testsuite> <!-- Test -->
